2022-01-04 22:19:03,637 DEBUG <--- '/login'
2022-01-04 22:19:03,637 DEBUG <--- '=name=admin'
2022-01-04 22:19:03,637 DEBUG <--- '=password=hassan1998'
2022-01-04 22:19:03,637 DEBUG <--- EOS
2022-01-04 22:19:03,639 DEBUG ---> '!done'
2022-01-04 22:19:03,639 DEBUG ---> EOS
2022-01-04 22:19:03,639 INFO Connection created successfully to server
2022-01-04 22:19:03,639 DEBUG <--- '/ip/firewall/nat/print'
2022-01-04 22:19:03,639 DEBUG <--- EOS
2022-01-04 22:19:03,651 DEBUG ---> '!re'
2022-01-04 22:19:03,651 DEBUG ---> '=.id=*4'
2022-01-04 22:19:03,651 DEBUG ---> '=chain=srcnat'
2022-01-04 22:19:03,651 DEBUG ---> '=action=masquerade'
2022-01-04 22:19:03,651 DEBUG ---> '=src-address=1.1.1.1'
2022-01-04 22:19:03,651 DEBUG ---> '=log=false'
2022-01-04 22:19:03,652 DEBUG ---> '=log-prefix='
2022-01-04 22:19:03,652 DEBUG ---> '=bytes=0'
2022-01-04 22:19:03,652 DEBUG ---> '=packets=0'
2022-01-04 22:19:03,652 DEBUG ---> '=invalid=false'
2022-01-04 22:19:03,652 DEBUG ---> '=dynamic=false'
2022-01-04 22:19:03,652 DEBUG ---> '=disabled=false'
2022-01-04 22:19:03,652 DEBUG ---> EOS
2022-01-04 22:19:03,652 DEBUG ---> '!done'
2022-01-04 22:19:03,652 DEBUG ---> EOS
2022-01-04 22:23:11,506 DEBUG <--- '/login'
2022-01-04 22:23:11,506 DEBUG <--- '=name=admin'
2022-01-04 22:23:11,506 DEBUG <--- '=password=hassan1998'
2022-01-04 22:23:11,506 DEBUG <--- EOS
2022-01-04 22:23:11,509 DEBUG ---> '!done'
2022-01-04 22:23:11,509 DEBUG ---> EOS
2022-01-04 22:23:11,510 INFO Connection created successfully to server
2022-01-04 22:23:11,510 DEBUG <--- '/ip/firewall/nat/print'
2022-01-04 22:23:11,510 DEBUG <--- EOS
2022-01-04 22:23:11,510 DEBUG ---> '!re'
2022-01-04 22:23:11,510 DEBUG ---> '=.id=*4'
2022-01-04 22:23:11,510 DEBUG ---> '=chain=srcnat'
2022-01-04 22:23:11,510 DEBUG ---> '=action=masquerade'
2022-01-04 22:23:11,510 DEBUG ---> '=src-address=1.1.1.1'
2022-01-04 22:23:11,510 DEBUG ---> '=log=false'
2022-01-04 22:23:11,510 DEBUG ---> '=log-prefix='
2022-01-04 22:23:11,510 DEBUG ---> '=bytes=0'
2022-01-04 22:23:11,510 DEBUG ---> '=packets=0'
2022-01-04 22:23:11,511 DEBUG ---> '=invalid=false'
2022-01-04 22:23:11,511 DEBUG ---> '=dynamic=false'
2022-01-04 22:23:11,511 DEBUG ---> '=disabled=false'
2022-01-04 22:23:11,511 DEBUG ---> EOS
2022-01-04 22:23:11,511 DEBUG ---> '!done'
2022-01-04 22:23:11,511 DEBUG ---> EOS
2022-01-04 22:23:42,494 DEBUG <--- '/login'
2022-01-04 22:23:42,494 DEBUG <--- '=name=admin'
2022-01-04 22:23:42,494 DEBUG <--- '=password=hassan1998'
2022-01-04 22:23:42,494 DEBUG <--- EOS
2022-01-04 22:23:42,497 DEBUG ---> '!done'
2022-01-04 22:23:42,497 DEBUG ---> EOS
2022-01-04 22:23:42,497 INFO Connection created successfully to server
2022-01-04 22:23:42,497 DEBUG <--- '/ip/firewall/nat/print'
2022-01-04 22:23:42,497 DEBUG <--- EOS
2022-01-04 22:23:42,497 DEBUG ---> '!re'
2022-01-04 22:23:42,498 DEBUG ---> '=.id=*4'
2022-01-04 22:23:42,498 DEBUG ---> '=chain=srcnat'
2022-01-04 22:23:42,498 DEBUG ---> '=action=masquerade'
2022-01-04 22:23:42,498 DEBUG ---> '=src-address=1.1.1.1'
2022-01-04 22:23:42,498 DEBUG ---> '=log=false'
2022-01-04 22:23:42,498 DEBUG ---> '=log-prefix='
2022-01-04 22:23:42,498 DEBUG ---> '=bytes=0'
2022-01-04 22:23:42,498 DEBUG ---> '=packets=0'
2022-01-04 22:23:42,498 DEBUG ---> '=invalid=false'
2022-01-04 22:23:42,498 DEBUG ---> '=dynamic=false'
2022-01-04 22:23:42,498 DEBUG ---> '=disabled=false'
2022-01-04 22:23:42,498 DEBUG ---> EOS
2022-01-04 22:23:42,498 DEBUG ---> '!done'
2022-01-04 22:23:42,498 DEBUG ---> EOS
2022-01-04 22:23:59,466 DEBUG <--- '/login'
2022-01-04 22:23:59,466 DEBUG <--- '=name=admin'
2022-01-04 22:23:59,466 DEBUG <--- '=password=hassan1998'
2022-01-04 22:23:59,466 DEBUG <--- EOS
2022-01-04 22:23:59,470 DEBUG ---> '!done'
2022-01-04 22:23:59,470 DEBUG ---> EOS
2022-01-04 22:23:59,470 INFO Connection created successfully to server
2022-01-04 22:23:59,470 DEBUG <--- '/ip/firewall/nat/print'
2022-01-04 22:23:59,470 DEBUG <--- EOS
2022-01-04 22:23:59,471 DEBUG ---> '!re'
2022-01-04 22:23:59,471 DEBUG ---> '=.id=*4'
2022-01-04 22:23:59,471 DEBUG ---> '=chain=srcnat'
2022-01-04 22:23:59,471 DEBUG ---> '=action=masquerade'
2022-01-04 22:23:59,471 DEBUG ---> '=src-address=1.1.1.1'
2022-01-04 22:23:59,471 DEBUG ---> '=log=false'
2022-01-04 22:23:59,471 DEBUG ---> '=log-prefix='
2022-01-04 22:23:59,471 DEBUG ---> '=bytes=0'
2022-01-04 22:23:59,471 DEBUG ---> '=packets=0'
2022-01-04 22:23:59,471 DEBUG ---> '=invalid=false'
2022-01-04 22:23:59,471 DEBUG ---> '=dynamic=false'
2022-01-04 22:23:59,471 DEBUG ---> '=disabled=false'
2022-01-04 22:23:59,471 DEBUG ---> EOS
2022-01-04 22:23:59,471 DEBUG ---> '!done'
2022-01-04 22:23:59,471 DEBUG ---> EOS
2022-01-04 22:29:35,899 DEBUG <--- '/login'
2022-01-04 22:29:35,899 DEBUG <--- '=name=admin'
2022-01-04 22:29:35,899 DEBUG <--- '=password=hassan1998'
2022-01-04 22:29:35,899 DEBUG <--- EOS
2022-01-04 22:29:35,903 DEBUG ---> '!done'
2022-01-04 22:29:35,903 DEBUG ---> EOS
2022-01-04 22:29:35,903 INFO Connection created successfully to server
2022-01-04 22:29:35,903 DEBUG <--- '/systemresource/print'
2022-01-04 22:29:35,903 DEBUG <--- EOS
2022-01-04 22:29:35,904 DEBUG ---> '!trap'
2022-01-04 22:29:35,904 DEBUG ---> '=category=0'
2022-01-04 22:29:35,904 DEBUG ---> '=message=no such command or directory (systemresource)'
2022-01-04 22:29:35,905 DEBUG ---> EOS
2022-01-04 22:29:35,905 DEBUG ---> '!trap'
2022-01-04 22:29:35,905 DEBUG ---> '=message=no such command prefix'
2022-01-04 22:29:35,905 DEBUG ---> EOS
2022-01-04 22:29:35,906 DEBUG ---> '!done'
2022-01-04 22:29:35,908 DEBUG ---> EOS
2022-01-04 22:30:08,459 DEBUG <--- '/login'
2022-01-04 22:30:08,459 DEBUG <--- '=name=admin'
2022-01-04 22:30:08,459 DEBUG <--- '=password=hassan1998'
2022-01-04 22:30:08,459 DEBUG <--- EOS
2022-01-04 22:30:08,461 DEBUG ---> '!done'
2022-01-04 22:30:08,461 DEBUG ---> EOS
2022-01-04 22:30:08,461 INFO Connection created successfully to server
2022-01-04 22:30:08,461 DEBUG <--- '/system/resource/print'
2022-01-04 22:30:08,461 DEBUG <--- EOS
2022-01-04 22:30:08,462 DEBUG ---> '!re'
2022-01-04 22:30:08,462 DEBUG ---> '=uptime=11m45s'
2022-01-04 22:30:08,462 DEBUG ---> '=version=7.1.1 (stable)'
2022-01-04 22:30:08,462 DEBUG ---> '=build-time=Dec/21/2021 11:53:05'
2022-01-04 22:30:08,462 DEBUG ---> '=factory-software=6.0'
2022-01-04 22:30:08,462 DEBUG ---> '=free-memory=1989201920'
2022-01-04 22:30:08,462 DEBUG ---> '=total-memory=2046820352'
2022-01-04 22:30:08,462 DEBUG ---> '=cpu=Intel(R)'
2022-01-04 22:30:08,462 DEBUG ---> '=cpu-count=1'
2022-01-04 22:30:08,462 DEBUG ---> '=cpu-frequency=3600'
2022-01-04 22:30:08,462 DEBUG ---> '=cpu-load=25'
2022-01-04 22:30:08,462 DEBUG ---> '=free-hdd-space=14793781248'
2022-01-04 22:30:08,462 DEBUG ---> '=total-hdd-space=14811164672'
2022-01-04 22:30:08,462 DEBUG ---> '=write-sect-since-reboot=928'
2022-01-04 22:30:08,463 DEBUG ---> '=write-sect-total=928'
2022-01-04 22:30:08,463 DEBUG ---> '=architecture-name=x86_64'
2022-01-04 22:30:08,463 DEBUG ---> '=board-name=x86'
2022-01-04 22:30:08,463 DEBUG ---> '=platform=MikroTik'
2022-01-04 22:30:08,463 DEBUG ---> EOS
2022-01-04 22:30:08,463 DEBUG ---> '!done'
2022-01-04 22:30:08,463 DEBUG ---> EOS
2022-01-04 22:37:20,657 DEBUG <--- '/login'
2022-01-04 22:37:20,657 DEBUG <--- '=name=admin'
2022-01-04 22:37:20,657 DEBUG <--- '=password=hassan1998'
2022-01-04 22:37:20,657 DEBUG <--- EOS
2022-01-04 22:37:20,660 DEBUG ---> '!done'
2022-01-04 22:37:20,660 DEBUG ---> EOS
2022-01-04 22:37:20,661 INFO Connection created successfully to server
2022-01-04 22:37:20,661 DEBUG <--- '/ip/firewall/filter/print'
2022-01-04 22:37:20,661 DEBUG <--- EOS
2022-01-04 22:37:20,661 DEBUG ---> '!re'
2022-01-04 22:37:20,661 DEBUG ---> '=.id=*1'
2022-01-04 22:37:20,661 DEBUG ---> '=chain=input'
2022-01-04 22:37:20,661 DEBUG ---> '=action=accept'
2022-01-04 22:37:20,662 DEBUG ---> '=log=false'
2022-01-04 22:37:20,662 DEBUG ---> '=log-prefix='
2022-01-04 22:37:20,662 DEBUG ---> '=bytes=18215'
2022-01-04 22:37:20,662 DEBUG ---> '=packets=90'
2022-01-04 22:37:20,662 DEBUG ---> '=invalid=false'
2022-01-04 22:37:20,662 DEBUG ---> '=dynamic=false'
2022-01-04 22:37:20,662 DEBUG ---> '=disabled=false'
2022-01-04 22:37:20,662 DEBUG ---> EOS
2022-01-04 22:37:20,662 DEBUG ---> '!re'
2022-01-04 22:37:20,662 DEBUG ---> '=.id=*2'
2022-01-04 22:37:20,662 DEBUG ---> '=chain=output'
2022-01-04 22:37:20,662 DEBUG ---> '=action=passthrough'
2022-01-04 22:37:20,662 DEBUG ---> '=log=false'
2022-01-04 22:37:20,662 DEBUG ---> '=log-prefix='
2022-01-04 22:37:20,662 DEBUG ---> '=bytes=9611'
2022-01-04 22:37:20,662 DEBUG ---> '=packets=68'
2022-01-04 22:37:20,662 DEBUG ---> '=invalid=false'
2022-01-04 22:37:20,662 DEBUG ---> '=dynamic=false'
2022-01-04 22:37:20,662 DEBUG ---> '=disabled=false'
2022-01-04 22:37:20,662 DEBUG ---> EOS
2022-01-04 22:37:20,662 DEBUG ---> '!done'
2022-01-04 22:37:20,662 DEBUG ---> EOS
2022-01-04 22:38:48,404 DEBUG <--- '/login'
2022-01-04 22:38:48,404 DEBUG <--- '=name=admin'
2022-01-04 22:38:48,404 DEBUG <--- '=password=hassan1998'
2022-01-04 22:38:48,404 DEBUG <--- EOS
2022-01-04 22:38:48,406 DEBUG ---> '!done'
2022-01-04 22:38:48,406 DEBUG ---> EOS
2022-01-04 22:38:48,406 INFO Connection created successfully to server
2022-01-04 22:38:48,406 DEBUG <--- '/ip/route/print'
2022-01-04 22:38:48,406 DEBUG <--- EOS
2022-01-04 22:38:48,408 DEBUG ---> '!re'
2022-01-04 22:38:48,408 DEBUG ---> '=.id=*80000001'
2022-01-04 22:38:48,409 DEBUG ---> '=dst-address=0.0.0.0/0'
2022-01-04 22:38:48,409 DEBUG ---> '=routing-table=main'
2022-01-04 22:38:48,409 DEBUG ---> '=pref-src='
2022-01-04 22:38:48,409 DEBUG ---> '=gateway=192.168.8.1'
2022-01-04 22:38:48,409 DEBUG ---> '=immediate-gw=192.168.8.1%WAN_Line'
2022-01-04 22:38:48,409 DEBUG ---> '=distance=1'
2022-01-04 22:38:48,409 DEBUG ---> '=scope=30'
2022-01-04 22:38:48,409 DEBUG ---> '=target-scope=10'
2022-01-04 22:38:48,409 DEBUG ---> '=vrf-interface=WAN_Line'
2022-01-04 22:38:48,409 DEBUG ---> '=suppress-hw-offload=false'
2022-01-04 22:38:48,409 DEBUG ---> '=dynamic=true'
2022-01-04 22:38:48,409 DEBUG ---> '=inactive=false'
2022-01-04 22:38:48,409 DEBUG ---> '=active=true'
2022-01-04 22:38:48,409 DEBUG ---> '=dhcp=true'
2022-01-04 22:38:48,409 DEBUG ---> '=hw-offloaded=false'
2022-01-04 22:38:48,409 DEBUG ---> '=ecmp=false'
2022-01-04 22:38:48,409 DEBUG ---> EOS
2022-01-04 22:38:48,409 DEBUG ---> '!re'
2022-01-04 22:38:48,409 DEBUG ---> '=.id=*20183000'
2022-01-04 22:38:48,409 DEBUG ---> '=dst-address=1.1.1.0/24'
2022-01-04 22:38:48,409 DEBUG ---> '=routing-table=main'
2022-01-04 22:38:48,409 DEBUG ---> '=gateway=WAN_Line'
2022-01-04 22:38:48,409 DEBUG ---> '=immediate-gw=WAN_Line'
2022-01-04 22:38:48,409 DEBUG ---> '=distance=0'
2022-01-04 22:38:48,409 DEBUG ---> '=scope=10'
2022-01-04 22:38:48,409 DEBUG ---> '=suppress-hw-offload=false'
2022-01-04 22:38:48,410 DEBUG ---> '=local-address=1.1.1.1%WAN_Line'
2022-01-04 22:38:48,410 DEBUG ---> '=dynamic=true'
2022-01-04 22:38:48,410 DEBUG ---> '=inactive=false'
2022-01-04 22:38:48,410 DEBUG ---> '=active=true'
2022-01-04 22:38:48,410 DEBUG ---> '=connect=true'
2022-01-04 22:38:48,410 DEBUG ---> '=hw-offloaded=false'
2022-01-04 22:38:48,410 DEBUG ---> '=ecmp=false'
2022-01-04 22:38:48,410 DEBUG ---> EOS
2022-01-04 22:38:48,410 DEBUG ---> '!re'
2022-01-04 22:38:48,410 DEBUG ---> '=.id=*20183048'
2022-01-04 22:38:48,410 DEBUG ---> '=dst-address=10.0.3.0/24'
2022-01-04 22:38:48,410 DEBUG ---> '=routing-table=main'
2022-01-04 22:38:48,410 DEBUG ---> '=gateway=ether2'
2022-01-04 22:38:48,410 DEBUG ---> '=immediate-gw=ether2'
2022-01-04 22:38:48,410 DEBUG ---> '=distance=0'
2022-01-04 22:38:48,410 DEBUG ---> '=scope=10'
2022-01-04 22:38:48,410 DEBUG ---> '=suppress-hw-offload=false'
2022-01-04 22:38:48,410 DEBUG ---> '=local-address=10.0.3.15%ether2'
2022-01-04 22:38:48,410 DEBUG ---> '=dynamic=true'
2022-01-04 22:38:48,410 DEBUG ---> '=inactive=false'
2022-01-04 22:38:48,410 DEBUG ---> '=active=true'
2022-01-04 22:38:48,410 DEBUG ---> '=connect=true'
2022-01-04 22:38:48,410 DEBUG ---> '=hw-offloaded=false'
2022-01-04 22:38:48,410 DEBUG ---> '=ecmp=false'
2022-01-04 22:38:48,410 DEBUG ---> EOS
2022-01-04 22:38:48,411 DEBUG ---> '!re'
2022-01-04 22:38:48,411 DEBUG ---> '=.id=*20183054'
2022-01-04 22:38:48,411 DEBUG ---> '=dst-address=192.168.8.0/24'
2022-01-04 22:38:48,411 DEBUG ---> '=routing-table=main'
2022-01-04 22:38:48,411 DEBUG ---> '=gateway=WAN_Line'
2022-01-04 22:38:48,411 DEBUG ---> '=immediate-gw=WAN_Line'
2022-01-04 22:38:48,411 DEBUG ---> '=distance=0'
2022-01-04 22:38:48,411 DEBUG ---> '=scope=10'
2022-01-04 22:38:48,411 DEBUG ---> '=suppress-hw-offload=false'
2022-01-04 22:38:48,411 DEBUG ---> '=local-address=192.168.8.152%WAN_Line'
2022-01-04 22:38:48,411 DEBUG ---> '=dynamic=true'
2022-01-04 22:38:48,411 DEBUG ---> '=inactive=false'
2022-01-04 22:38:48,411 DEBUG ---> '=active=true'
2022-01-04 22:38:48,411 DEBUG ---> '=connect=true'
2022-01-04 22:38:48,411 DEBUG ---> '=hw-offloaded=false'
2022-01-04 22:38:48,411 DEBUG ---> '=ecmp=false'
2022-01-04 22:38:48,411 DEBUG ---> EOS
2022-01-04 22:38:48,411 DEBUG ---> '!re'
2022-01-04 22:38:48,411 DEBUG ---> '=.id=*20183024'
2022-01-04 22:38:48,411 DEBUG ---> '=dst-address=192.168.56.0/24'
2022-01-04 22:38:48,411 DEBUG ---> '=routing-table=main'
2022-01-04 22:38:48,411 DEBUG ---> '=gateway=ether3'
2022-01-04 22:38:48,411 DEBUG ---> '=immediate-gw=ether3'
2022-01-04 22:38:48,411 DEBUG ---> '=distance=0'
2022-01-04 22:38:48,411 DEBUG ---> '=scope=10'
2022-01-04 22:38:48,411 DEBUG ---> '=suppress-hw-offload=false'
2022-01-04 22:38:48,411 DEBUG ---> '=local-address=192.168.56.101%ether3'
2022-01-04 22:38:48,412 DEBUG ---> '=dynamic=true'
2022-01-04 22:38:48,412 DEBUG ---> '=inactive=false'
2022-01-04 22:38:48,412 DEBUG ---> '=active=true'
2022-01-04 22:38:48,412 DEBUG ---> '=connect=true'
2022-01-04 22:38:48,412 DEBUG ---> '=hw-offloaded=false'
2022-01-04 22:38:48,412 DEBUG ---> '=ecmp=false'
2022-01-04 22:38:48,412 DEBUG ---> EOS
2022-01-04 22:38:48,412 DEBUG ---> '!done'
2022-01-04 22:38:48,412 DEBUG ---> EOS
2022-01-04 22:39:17,928 DEBUG <--- '/login'
2022-01-04 22:39:17,928 DEBUG <--- '=name=admin'
2022-01-04 22:39:17,928 DEBUG <--- '=password=hassan1998'
2022-01-04 22:39:17,928 DEBUG <--- EOS
2022-01-04 22:39:17,930 DEBUG ---> '!done'
2022-01-04 22:39:17,930 DEBUG ---> EOS
2022-01-04 22:39:17,930 INFO Connection created successfully to server
2022-01-04 22:39:17,931 DEBUG <--- '/ip/route/print'
2022-01-04 22:39:17,931 DEBUG <--- EOS
2022-01-04 22:39:17,933 DEBUG ---> '!re'
2022-01-04 22:39:17,933 DEBUG ---> '=.id=*80000001'
2022-01-04 22:39:17,933 DEBUG ---> '=dst-address=0.0.0.0/0'
2022-01-04 22:39:17,934 DEBUG ---> '=routing-table=main'
2022-01-04 22:39:17,934 DEBUG ---> '=pref-src='
2022-01-04 22:39:17,934 DEBUG ---> '=gateway=192.168.8.1'
2022-01-04 22:39:17,934 DEBUG ---> '=immediate-gw=192.168.8.1%WAN_Line'
2022-01-04 22:39:17,934 DEBUG ---> '=distance=1'
2022-01-04 22:39:17,934 DEBUG ---> '=scope=30'
2022-01-04 22:39:17,934 DEBUG ---> '=target-scope=10'
2022-01-04 22:39:17,934 DEBUG ---> '=vrf-interface=WAN_Line'
2022-01-04 22:39:17,935 DEBUG ---> '=suppress-hw-offload=false'
2022-01-04 22:39:17,935 DEBUG ---> '=dynamic=true'
2022-01-04 22:39:17,935 DEBUG ---> '=inactive=false'
2022-01-04 22:39:17,935 DEBUG ---> '=active=true'
2022-01-04 22:39:17,935 DEBUG ---> '=dhcp=true'
2022-01-04 22:39:17,935 DEBUG ---> '=hw-offloaded=false'
2022-01-04 22:39:17,935 DEBUG ---> '=ecmp=false'
2022-01-04 22:39:17,935 DEBUG ---> EOS
2022-01-04 22:39:17,936 DEBUG ---> '!re'
2022-01-04 22:39:17,936 DEBUG ---> '=.id=*20183000'
2022-01-04 22:39:17,936 DEBUG ---> '=dst-address=1.1.1.0/24'
2022-01-04 22:39:17,936 DEBUG ---> '=routing-table=main'
2022-01-04 22:39:17,936 DEBUG ---> '=gateway=WAN_Line'
2022-01-04 22:39:17,936 DEBUG ---> '=immediate-gw=WAN_Line'
2022-01-04 22:39:17,936 DEBUG ---> '=distance=0'
2022-01-04 22:39:17,936 DEBUG ---> '=scope=10'
2022-01-04 22:39:17,936 DEBUG ---> '=suppress-hw-offload=false'
2022-01-04 22:39:17,936 DEBUG ---> '=local-address=1.1.1.1%WAN_Line'
2022-01-04 22:39:17,936 DEBUG ---> '=dynamic=true'
2022-01-04 22:39:17,936 DEBUG ---> '=inactive=false'
2022-01-04 22:39:17,936 DEBUG ---> '=active=true'
2022-01-04 22:39:17,936 DEBUG ---> '=connect=true'
2022-01-04 22:39:17,936 DEBUG ---> '=hw-offloaded=false'
2022-01-04 22:39:17,936 DEBUG ---> '=ecmp=false'
2022-01-04 22:39:17,936 DEBUG ---> EOS
2022-01-04 22:39:17,937 DEBUG ---> '!re'
2022-01-04 22:39:17,937 DEBUG ---> '=.id=*20183048'
2022-01-04 22:39:17,937 DEBUG ---> '=dst-address=10.0.3.0/24'
2022-01-04 22:39:17,937 DEBUG ---> '=routing-table=main'
2022-01-04 22:39:17,937 DEBUG ---> '=gateway=ether2'
2022-01-04 22:39:17,937 DEBUG ---> '=immediate-gw=ether2'
2022-01-04 22:39:17,937 DEBUG ---> '=distance=0'
2022-01-04 22:39:17,937 DEBUG ---> '=scope=10'
2022-01-04 22:39:17,937 DEBUG ---> '=suppress-hw-offload=false'
2022-01-04 22:39:17,937 DEBUG ---> '=local-address=10.0.3.15%ether2'
2022-01-04 22:39:17,937 DEBUG ---> '=dynamic=true'
2022-01-04 22:39:17,937 DEBUG ---> '=inactive=false'
2022-01-04 22:39:17,937 DEBUG ---> '=active=true'
2022-01-04 22:39:17,937 DEBUG ---> '=connect=true'
2022-01-04 22:39:17,937 DEBUG ---> '=hw-offloaded=false'
2022-01-04 22:39:17,937 DEBUG ---> '=ecmp=false'
2022-01-04 22:39:17,937 DEBUG ---> EOS
2022-01-04 22:39:17,937 DEBUG ---> '!re'
2022-01-04 22:39:17,937 DEBUG ---> '=.id=*20183054'
2022-01-04 22:39:17,937 DEBUG ---> '=dst-address=192.168.8.0/24'
2022-01-04 22:39:17,937 DEBUG ---> '=routing-table=main'
2022-01-04 22:39:17,937 DEBUG ---> '=gateway=WAN_Line'
2022-01-04 22:39:17,937 DEBUG ---> '=immediate-gw=WAN_Line'
2022-01-04 22:39:17,937 DEBUG ---> '=distance=0'
2022-01-04 22:39:17,937 DEBUG ---> '=scope=10'
2022-01-04 22:39:17,937 DEBUG ---> '=suppress-hw-offload=false'
2022-01-04 22:39:17,938 DEBUG ---> '=local-address=192.168.8.152%WAN_Line'
2022-01-04 22:39:17,938 DEBUG ---> '=dynamic=true'
2022-01-04 22:39:17,938 DEBUG ---> '=inactive=false'
2022-01-04 22:39:17,938 DEBUG ---> '=active=true'
2022-01-04 22:39:17,938 DEBUG ---> '=connect=true'
2022-01-04 22:39:17,938 DEBUG ---> '=hw-offloaded=false'
2022-01-04 22:39:17,938 DEBUG ---> '=ecmp=false'
2022-01-04 22:39:17,938 DEBUG ---> EOS
2022-01-04 22:39:17,938 DEBUG ---> '!re'
2022-01-04 22:39:17,938 DEBUG ---> '=.id=*20183024'
2022-01-04 22:39:17,938 DEBUG ---> '=dst-address=192.168.56.0/24'
2022-01-04 22:39:17,938 DEBUG ---> '=routing-table=main'
2022-01-04 22:39:17,938 DEBUG ---> '=gateway=ether3'
2022-01-04 22:39:17,938 DEBUG ---> '=immediate-gw=ether3'
2022-01-04 22:39:17,938 DEBUG ---> '=distance=0'
2022-01-04 22:39:17,938 DEBUG ---> '=scope=10'
2022-01-04 22:39:17,938 DEBUG ---> '=suppress-hw-offload=false'
2022-01-04 22:39:17,938 DEBUG ---> '=local-address=192.168.56.101%ether3'
2022-01-04 22:39:17,938 DEBUG ---> '=dynamic=true'
2022-01-04 22:39:17,938 DEBUG ---> '=inactive=false'
2022-01-04 22:39:17,939 DEBUG ---> '=active=true'
2022-01-04 22:39:17,939 DEBUG ---> '=connect=true'
2022-01-04 22:39:17,939 DEBUG ---> '=hw-offloaded=false'
2022-01-04 22:39:17,939 DEBUG ---> '=ecmp=false'
2022-01-04 22:39:17,939 DEBUG ---> EOS
2022-01-04 22:39:17,939 DEBUG ---> '!done'
2022-01-04 22:39:17,939 DEBUG ---> EOS
2022-01-04 22:39:26,955 DEBUG <--- '/login'
2022-01-04 22:39:26,956 DEBUG <--- '=name=admin'
2022-01-04 22:39:26,956 DEBUG <--- '=password=hassan1998'
2022-01-04 22:39:26,956 DEBUG <--- EOS
2022-01-04 22:39:26,958 DEBUG ---> '!done'
2022-01-04 22:39:26,958 DEBUG ---> EOS
2022-01-04 22:39:26,958 INFO Connection created successfully to server
2022-01-04 22:39:26,958 DEBUG <--- '/ip/route/print'
2022-01-04 22:39:26,958 DEBUG <--- EOS
2022-01-04 22:39:26,960 DEBUG ---> '!re'
2022-01-04 22:39:26,960 DEBUG ---> '=.id=*80000001'
2022-01-04 22:39:26,960 DEBUG ---> '=dst-address=0.0.0.0/0'
2022-01-04 22:39:26,960 DEBUG ---> '=routing-table=main'
2022-01-04 22:39:26,960 DEBUG ---> '=pref-src='
2022-01-04 22:39:26,960 DEBUG ---> '=gateway=192.168.8.1'
2022-01-04 22:39:26,960 DEBUG ---> '=immediate-gw=192.168.8.1%WAN_Line'
2022-01-04 22:39:26,960 DEBUG ---> '=distance=1'
2022-01-04 22:39:26,960 DEBUG ---> '=scope=30'
2022-01-04 22:39:26,960 DEBUG ---> '=target-scope=10'
2022-01-04 22:39:26,961 DEBUG ---> '=vrf-interface=WAN_Line'
2022-01-04 22:39:26,961 DEBUG ---> '=suppress-hw-offload=false'
2022-01-04 22:39:26,961 DEBUG ---> '=dynamic=true'
2022-01-04 22:39:26,961 DEBUG ---> '=inactive=false'
2022-01-04 22:39:26,961 DEBUG ---> '=active=true'
2022-01-04 22:39:26,961 DEBUG ---> '=dhcp=true'
2022-01-04 22:39:26,961 DEBUG ---> '=hw-offloaded=false'
2022-01-04 22:39:26,961 DEBUG ---> '=ecmp=false'
2022-01-04 22:39:26,961 DEBUG ---> EOS
2022-01-04 22:39:26,961 DEBUG ---> '!re'
2022-01-04 22:39:26,961 DEBUG ---> '=.id=*20183000'
2022-01-04 22:39:26,961 DEBUG ---> '=dst-address=1.1.1.0/24'
2022-01-04 22:39:26,961 DEBUG ---> '=routing-table=main'
2022-01-04 22:39:26,961 DEBUG ---> '=gateway=WAN_Line'
2022-01-04 22:39:26,961 DEBUG ---> '=immediate-gw=WAN_Line'
2022-01-04 22:39:26,961 DEBUG ---> '=distance=0'
2022-01-04 22:39:26,961 DEBUG ---> '=scope=10'
2022-01-04 22:39:26,961 DEBUG ---> '=suppress-hw-offload=false'
2022-01-04 22:39:26,961 DEBUG ---> '=local-address=1.1.1.1%WAN_Line'
2022-01-04 22:39:26,961 DEBUG ---> '=dynamic=true'
2022-01-04 22:39:26,961 DEBUG ---> '=inactive=false'
2022-01-04 22:39:26,961 DEBUG ---> '=active=true'
2022-01-04 22:39:26,961 DEBUG ---> '=connect=true'
2022-01-04 22:39:26,961 DEBUG ---> '=hw-offloaded=false'
2022-01-04 22:39:26,961 DEBUG ---> '=ecmp=false'
2022-01-04 22:39:26,961 DEBUG ---> EOS
2022-01-04 22:39:26,962 DEBUG ---> '!re'
2022-01-04 22:39:26,962 DEBUG ---> '=.id=*20183048'
2022-01-04 22:39:26,962 DEBUG ---> '=dst-address=10.0.3.0/24'
2022-01-04 22:39:26,962 DEBUG ---> '=routing-table=main'
2022-01-04 22:39:26,962 DEBUG ---> '=gateway=ether2'
2022-01-04 22:39:26,962 DEBUG ---> '=immediate-gw=ether2'
2022-01-04 22:39:26,962 DEBUG ---> '=distance=0'
2022-01-04 22:39:26,962 DEBUG ---> '=scope=10'
2022-01-04 22:39:26,962 DEBUG ---> '=suppress-hw-offload=false'
2022-01-04 22:39:26,962 DEBUG ---> '=local-address=10.0.3.15%ether2'
2022-01-04 22:39:26,962 DEBUG ---> '=dynamic=true'
2022-01-04 22:39:26,962 DEBUG ---> '=inactive=false'
2022-01-04 22:39:26,962 DEBUG ---> '=active=true'
2022-01-04 22:39:26,962 DEBUG ---> '=connect=true'
2022-01-04 22:39:26,962 DEBUG ---> '=hw-offloaded=false'
2022-01-04 22:39:26,962 DEBUG ---> '=ecmp=false'
2022-01-04 22:39:26,962 DEBUG ---> EOS
2022-01-04 22:39:26,962 DEBUG ---> '!re'
2022-01-04 22:39:26,962 DEBUG ---> '=.id=*20183054'
2022-01-04 22:39:26,962 DEBUG ---> '=dst-address=192.168.8.0/24'
2022-01-04 22:39:26,962 DEBUG ---> '=routing-table=main'
2022-01-04 22:39:26,962 DEBUG ---> '=gateway=WAN_Line'
2022-01-04 22:39:26,962 DEBUG ---> '=immediate-gw=WAN_Line'
2022-01-04 22:39:26,962 DEBUG ---> '=distance=0'
2022-01-04 22:39:26,962 DEBUG ---> '=scope=10'
2022-01-04 22:39:26,962 DEBUG ---> '=suppress-hw-offload=false'
2022-01-04 22:39:26,962 DEBUG ---> '=local-address=192.168.8.152%WAN_Line'
2022-01-04 22:39:26,963 DEBUG ---> '=dynamic=true'
2022-01-04 22:39:26,963 DEBUG ---> '=inactive=false'
2022-01-04 22:39:26,963 DEBUG ---> '=active=true'
2022-01-04 22:39:26,963 DEBUG ---> '=connect=true'
2022-01-04 22:39:26,963 DEBUG ---> '=hw-offloaded=false'
2022-01-04 22:39:26,963 DEBUG ---> '=ecmp=false'
2022-01-04 22:39:26,963 DEBUG ---> EOS
2022-01-04 22:39:26,963 DEBUG ---> '!re'
2022-01-04 22:39:26,963 DEBUG ---> '=.id=*20183024'
2022-01-04 22:39:26,963 DEBUG ---> '=dst-address=192.168.56.0/24'
2022-01-04 22:39:26,963 DEBUG ---> '=routing-table=main'
2022-01-04 22:39:26,963 DEBUG ---> '=gateway=ether3'
2022-01-04 22:39:26,963 DEBUG ---> '=immediate-gw=ether3'
2022-01-04 22:39:26,963 DEBUG ---> '=distance=0'
2022-01-04 22:39:26,963 DEBUG ---> '=scope=10'
2022-01-04 22:39:26,963 DEBUG ---> '=suppress-hw-offload=false'
2022-01-04 22:39:26,963 DEBUG ---> '=local-address=192.168.56.101%ether3'
2022-01-04 22:39:26,963 DEBUG ---> '=dynamic=true'
2022-01-04 22:39:26,963 DEBUG ---> '=inactive=false'
2022-01-04 22:39:26,963 DEBUG ---> '=active=true'
2022-01-04 22:39:26,963 DEBUG ---> '=connect=true'
2022-01-04 22:39:26,963 DEBUG ---> '=hw-offloaded=false'
2022-01-04 22:39:26,963 DEBUG ---> '=ecmp=false'
2022-01-04 22:39:26,963 DEBUG ---> EOS
2022-01-04 22:39:26,963 DEBUG ---> '!done'
2022-01-04 22:39:26,963 DEBUG ---> EOS
2022-01-04 22:39:36,302 DEBUG <--- '/login'
2022-01-04 22:39:36,302 DEBUG <--- '=name=admin'
2022-01-04 22:39:36,302 DEBUG <--- '=password=hassan1998'
2022-01-04 22:39:36,302 DEBUG <--- EOS
2022-01-04 22:39:36,304 DEBUG ---> '!done'
2022-01-04 22:39:36,304 DEBUG ---> EOS
2022-01-04 22:39:36,305 INFO Connection created successfully to server
2022-01-04 22:39:36,305 DEBUG <--- '/ip/route/print'
2022-01-04 22:39:36,305 DEBUG <--- EOS
2022-01-04 22:39:36,307 DEBUG ---> '!re'
2022-01-04 22:39:36,307 DEBUG ---> '=.id=*80000001'
2022-01-04 22:39:36,307 DEBUG ---> '=dst-address=0.0.0.0/0'
2022-01-04 22:39:36,307 DEBUG ---> '=routing-table=main'
2022-01-04 22:39:36,307 DEBUG ---> '=pref-src='
2022-01-04 22:39:36,307 DEBUG ---> '=gateway=192.168.8.1'
2022-01-04 22:39:36,307 DEBUG ---> '=immediate-gw=192.168.8.1%WAN_Line'
2022-01-04 22:39:36,307 DEBUG ---> '=distance=1'
2022-01-04 22:39:36,307 DEBUG ---> '=scope=30'
2022-01-04 22:39:36,307 DEBUG ---> '=target-scope=10'
2022-01-04 22:39:36,307 DEBUG ---> '=vrf-interface=WAN_Line'
2022-01-04 22:39:36,307 DEBUG ---> '=suppress-hw-offload=false'
2022-01-04 22:39:36,307 DEBUG ---> '=dynamic=true'
2022-01-04 22:39:36,307 DEBUG ---> '=inactive=false'
2022-01-04 22:39:36,307 DEBUG ---> '=active=true'
2022-01-04 22:39:36,307 DEBUG ---> '=dhcp=true'
2022-01-04 22:39:36,307 DEBUG ---> '=hw-offloaded=false'
2022-01-04 22:39:36,307 DEBUG ---> '=ecmp=false'
2022-01-04 22:39:36,307 DEBUG ---> EOS
2022-01-04 22:39:36,307 DEBUG ---> '!re'
2022-01-04 22:39:36,307 DEBUG ---> '=.id=*20183000'
2022-01-04 22:39:36,307 DEBUG ---> '=dst-address=1.1.1.0/24'
2022-01-04 22:39:36,307 DEBUG ---> '=routing-table=main'
2022-01-04 22:39:36,308 DEBUG ---> '=gateway=WAN_Line'
2022-01-04 22:39:36,308 DEBUG ---> '=immediate-gw=WAN_Line'
2022-01-04 22:39:36,308 DEBUG ---> '=distance=0'
2022-01-04 22:39:36,308 DEBUG ---> '=scope=10'
2022-01-04 22:39:36,308 DEBUG ---> '=suppress-hw-offload=false'
2022-01-04 22:39:36,308 DEBUG ---> '=local-address=1.1.1.1%WAN_Line'
2022-01-04 22:39:36,308 DEBUG ---> '=dynamic=true'
2022-01-04 22:39:36,308 DEBUG ---> '=inactive=false'
2022-01-04 22:39:36,308 DEBUG ---> '=active=true'
2022-01-04 22:39:36,308 DEBUG ---> '=connect=true'
2022-01-04 22:39:36,308 DEBUG ---> '=hw-offloaded=false'
2022-01-04 22:39:36,308 DEBUG ---> '=ecmp=false'
2022-01-04 22:39:36,308 DEBUG ---> EOS
2022-01-04 22:39:36,308 DEBUG ---> '!re'
2022-01-04 22:39:36,308 DEBUG ---> '=.id=*20183048'
2022-01-04 22:39:36,308 DEBUG ---> '=dst-address=10.0.3.0/24'
2022-01-04 22:39:36,308 DEBUG ---> '=routing-table=main'
2022-01-04 22:39:36,308 DEBUG ---> '=gateway=ether2'
2022-01-04 22:39:36,308 DEBUG ---> '=immediate-gw=ether2'
2022-01-04 22:39:36,308 DEBUG ---> '=distance=0'
2022-01-04 22:39:36,308 DEBUG ---> '=scope=10'
2022-01-04 22:39:36,308 DEBUG ---> '=suppress-hw-offload=false'
2022-01-04 22:39:36,308 DEBUG ---> '=local-address=10.0.3.15%ether2'
2022-01-04 22:39:36,308 DEBUG ---> '=dynamic=true'
2022-01-04 22:39:36,308 DEBUG ---> '=inactive=false'
2022-01-04 22:39:36,308 DEBUG ---> '=active=true'
2022-01-04 22:39:36,308 DEBUG ---> '=connect=true'
2022-01-04 22:39:36,309 DEBUG ---> '=hw-offloaded=false'
2022-01-04 22:39:36,309 DEBUG ---> '=ecmp=false'
2022-01-04 22:39:36,309 DEBUG ---> EOS
2022-01-04 22:39:36,309 DEBUG ---> '!re'
2022-01-04 22:39:36,309 DEBUG ---> '=.id=*20183054'
2022-01-04 22:39:36,309 DEBUG ---> '=dst-address=192.168.8.0/24'
2022-01-04 22:39:36,309 DEBUG ---> '=routing-table=main'
2022-01-04 22:39:36,309 DEBUG ---> '=gateway=WAN_Line'
2022-01-04 22:39:36,309 DEBUG ---> '=immediate-gw=WAN_Line'
2022-01-04 22:39:36,309 DEBUG ---> '=distance=0'
2022-01-04 22:39:36,309 DEBUG ---> '=scope=10'
2022-01-04 22:39:36,309 DEBUG ---> '=suppress-hw-offload=false'
2022-01-04 22:39:36,309 DEBUG ---> '=local-address=192.168.8.152%WAN_Line'
2022-01-04 22:39:36,309 DEBUG ---> '=dynamic=true'
2022-01-04 22:39:36,309 DEBUG ---> '=inactive=false'
2022-01-04 22:39:36,309 DEBUG ---> '=active=true'
2022-01-04 22:39:36,309 DEBUG ---> '=connect=true'
2022-01-04 22:39:36,309 DEBUG ---> '=hw-offloaded=false'
2022-01-04 22:39:36,309 DEBUG ---> '=ecmp=false'
2022-01-04 22:39:36,309 DEBUG ---> EOS
2022-01-04 22:39:36,309 DEBUG ---> '!re'
2022-01-04 22:39:36,309 DEBUG ---> '=.id=*20183024'
2022-01-04 22:39:36,309 DEBUG ---> '=dst-address=192.168.56.0/24'
2022-01-04 22:39:36,309 DEBUG ---> '=routing-table=main'
2022-01-04 22:39:36,310 DEBUG ---> '=gateway=ether3'
2022-01-04 22:39:36,310 DEBUG ---> '=immediate-gw=ether3'
2022-01-04 22:39:36,310 DEBUG ---> '=distance=0'
2022-01-04 22:39:36,310 DEBUG ---> '=scope=10'
2022-01-04 22:39:36,310 DEBUG ---> '=suppress-hw-offload=false'
2022-01-04 22:39:36,310 DEBUG ---> '=local-address=192.168.56.101%ether3'
2022-01-04 22:39:36,310 DEBUG ---> '=dynamic=true'
2022-01-04 22:39:36,310 DEBUG ---> '=inactive=false'
2022-01-04 22:39:36,310 DEBUG ---> '=active=true'
2022-01-04 22:39:36,310 DEBUG ---> '=connect=true'
2022-01-04 22:39:36,310 DEBUG ---> '=hw-offloaded=false'
2022-01-04 22:39:36,310 DEBUG ---> '=ecmp=false'
2022-01-04 22:39:36,310 DEBUG ---> EOS
2022-01-04 22:39:36,310 DEBUG ---> '!done'
2022-01-04 22:39:36,310 DEBUG ---> EOS
2022-01-04 22:40:07,587 DEBUG <--- '/login'
2022-01-04 22:40:07,587 DEBUG <--- '=name=admin'
2022-01-04 22:40:07,587 DEBUG <--- '=password=hassan1998'
2022-01-04 22:40:07,587 DEBUG <--- EOS
2022-01-04 22:40:07,589 DEBUG ---> '!done'
2022-01-04 22:40:07,589 DEBUG ---> EOS
2022-01-04 22:40:07,589 INFO Connection created successfully to server
2022-01-04 22:40:07,590 DEBUG <--- '/ip/route/print'
2022-01-04 22:40:07,590 DEBUG <--- EOS
2022-01-04 22:40:07,593 DEBUG ---> '!re'
2022-01-04 22:40:07,593 DEBUG ---> '=.id=*80000001'
2022-01-04 22:40:07,593 DEBUG ---> '=dst-address=0.0.0.0/0'
2022-01-04 22:40:07,593 DEBUG ---> '=routing-table=main'
2022-01-04 22:40:07,593 DEBUG ---> '=pref-src='
2022-01-04 22:40:07,593 DEBUG ---> '=gateway=192.168.8.1'
2022-01-04 22:40:07,593 DEBUG ---> '=immediate-gw=192.168.8.1%WAN_Line'
2022-01-04 22:40:07,593 DEBUG ---> '=distance=1'
2022-01-04 22:40:07,593 DEBUG ---> '=scope=30'
2022-01-04 22:40:07,594 DEBUG ---> '=target-scope=10'
2022-01-04 22:40:07,594 DEBUG ---> '=vrf-interface=WAN_Line'
2022-01-04 22:40:07,594 DEBUG ---> '=suppress-hw-offload=false'
2022-01-04 22:40:07,594 DEBUG ---> '=dynamic=true'
2022-01-04 22:40:07,594 DEBUG ---> '=inactive=false'
2022-01-04 22:40:07,594 DEBUG ---> '=active=true'
2022-01-04 22:40:07,594 DEBUG ---> '=dhcp=true'
2022-01-04 22:40:07,594 DEBUG ---> '=hw-offloaded=false'
2022-01-04 22:40:07,594 DEBUG ---> '=ecmp=false'
2022-01-04 22:40:07,594 DEBUG ---> EOS
2022-01-04 22:40:07,595 DEBUG ---> '!re'
2022-01-04 22:40:07,595 DEBUG ---> '=.id=*20183000'
2022-01-04 22:40:07,595 DEBUG ---> '=dst-address=1.1.1.0/24'
2022-01-04 22:40:07,595 DEBUG ---> '=routing-table=main'
2022-01-04 22:40:07,595 DEBUG ---> '=gateway=WAN_Line'
2022-01-04 22:40:07,595 DEBUG ---> '=immediate-gw=WAN_Line'
2022-01-04 22:40:07,595 DEBUG ---> '=distance=0'
2022-01-04 22:40:07,595 DEBUG ---> '=scope=10'
2022-01-04 22:40:07,596 DEBUG ---> '=suppress-hw-offload=false'
2022-01-04 22:40:07,596 DEBUG ---> '=local-address=1.1.1.1%WAN_Line'
2022-01-04 22:40:07,596 DEBUG ---> '=dynamic=true'
2022-01-04 22:40:07,596 DEBUG ---> '=inactive=false'
2022-01-04 22:40:07,596 DEBUG ---> '=active=true'
2022-01-04 22:40:07,596 DEBUG ---> '=connect=true'
2022-01-04 22:40:07,596 DEBUG ---> '=hw-offloaded=false'
2022-01-04 22:40:07,596 DEBUG ---> '=ecmp=false'
2022-01-04 22:40:07,596 DEBUG ---> EOS
2022-01-04 22:40:07,596 DEBUG ---> '!re'
2022-01-04 22:40:07,596 DEBUG ---> '=.id=*20183048'
2022-01-04 22:40:07,597 DEBUG ---> '=dst-address=10.0.3.0/24'
2022-01-04 22:40:07,597 DEBUG ---> '=routing-table=main'
2022-01-04 22:40:07,597 DEBUG ---> '=gateway=ether2'
2022-01-04 22:40:07,597 DEBUG ---> '=immediate-gw=ether2'
2022-01-04 22:40:07,597 DEBUG ---> '=distance=0'
2022-01-04 22:40:07,597 DEBUG ---> '=scope=10'
2022-01-04 22:40:07,597 DEBUG ---> '=suppress-hw-offload=false'
2022-01-04 22:40:07,597 DEBUG ---> '=local-address=10.0.3.15%ether2'
2022-01-04 22:40:07,597 DEBUG ---> '=dynamic=true'
2022-01-04 22:40:07,598 DEBUG ---> '=inactive=false'
2022-01-04 22:40:07,598 DEBUG ---> '=active=true'
2022-01-04 22:40:07,598 DEBUG ---> '=connect=true'
2022-01-04 22:40:07,598 DEBUG ---> '=hw-offloaded=false'
2022-01-04 22:40:07,598 DEBUG ---> '=ecmp=false'
2022-01-04 22:40:07,598 DEBUG ---> EOS
2022-01-04 22:40:07,598 DEBUG ---> '!re'
2022-01-04 22:40:07,598 DEBUG ---> '=.id=*20183054'
2022-01-04 22:40:07,598 DEBUG ---> '=dst-address=192.168.8.0/24'
2022-01-04 22:40:07,598 DEBUG ---> '=routing-table=main'
2022-01-04 22:40:07,599 DEBUG ---> '=gateway=WAN_Line'
2022-01-04 22:40:07,599 DEBUG ---> '=immediate-gw=WAN_Line'
2022-01-04 22:40:07,599 DEBUG ---> '=distance=0'
2022-01-04 22:40:07,599 DEBUG ---> '=scope=10'
2022-01-04 22:40:07,599 DEBUG ---> '=suppress-hw-offload=false'
2022-01-04 22:40:07,599 DEBUG ---> '=local-address=192.168.8.152%WAN_Line'
2022-01-04 22:40:07,599 DEBUG ---> '=dynamic=true'
2022-01-04 22:40:07,599 DEBUG ---> '=inactive=false'
2022-01-04 22:40:07,599 DEBUG ---> '=active=true'
2022-01-04 22:40:07,599 DEBUG ---> '=connect=true'
2022-01-04 22:40:07,599 DEBUG ---> '=hw-offloaded=false'
2022-01-04 22:40:07,599 DEBUG ---> '=ecmp=false'
2022-01-04 22:40:07,599 DEBUG ---> EOS
2022-01-04 22:40:07,600 DEBUG ---> '!re'
2022-01-04 22:40:07,600 DEBUG ---> '=.id=*20183024'
2022-01-04 22:40:07,600 DEBUG ---> '=dst-address=192.168.56.0/24'
2022-01-04 22:40:07,600 DEBUG ---> '=routing-table=main'
2022-01-04 22:40:07,600 DEBUG ---> '=gateway=ether3'
2022-01-04 22:40:07,600 DEBUG ---> '=immediate-gw=ether3'
2022-01-04 22:40:07,600 DEBUG ---> '=distance=0'
2022-01-04 22:40:07,600 DEBUG ---> '=scope=10'
2022-01-04 22:40:07,600 DEBUG ---> '=suppress-hw-offload=false'
2022-01-04 22:40:07,600 DEBUG ---> '=local-address=192.168.56.101%ether3'
2022-01-04 22:40:07,600 DEBUG ---> '=dynamic=true'
2022-01-04 22:40:07,600 DEBUG ---> '=inactive=false'
2022-01-04 22:40:07,600 DEBUG ---> '=active=true'
2022-01-04 22:40:07,600 DEBUG ---> '=connect=true'
2022-01-04 22:40:07,600 DEBUG ---> '=hw-offloaded=false'
2022-01-04 22:40:07,600 DEBUG ---> '=ecmp=false'
2022-01-04 22:40:07,600 DEBUG ---> EOS
2022-01-04 22:40:07,600 DEBUG ---> '!done'
2022-01-04 22:40:07,601 DEBUG ---> EOS
2022-01-04 22:40:12,749 DEBUG <--- '/login'
2022-01-04 22:40:12,749 DEBUG <--- '=name=admin'
2022-01-04 22:40:12,749 DEBUG <--- '=password=hassan1998'
2022-01-04 22:40:12,749 DEBUG <--- EOS
2022-01-04 22:40:12,751 DEBUG ---> '!done'
2022-01-04 22:40:12,751 DEBUG ---> EOS
2022-01-04 22:40:12,751 INFO Connection created successfully to server
2022-01-04 22:40:12,751 DEBUG <--- '/ip/route/print'
2022-01-04 22:40:12,751 DEBUG <--- EOS
2022-01-04 22:40:12,753 DEBUG ---> '!re'
2022-01-04 22:40:12,753 DEBUG ---> '=.id=*80000001'
2022-01-04 22:40:12,753 DEBUG ---> '=dst-address=0.0.0.0/0'
2022-01-04 22:40:12,753 DEBUG ---> '=routing-table=main'
2022-01-04 22:40:12,753 DEBUG ---> '=pref-src='
2022-01-04 22:40:12,753 DEBUG ---> '=gateway=192.168.8.1'
2022-01-04 22:40:12,753 DEBUG ---> '=immediate-gw=192.168.8.1%WAN_Line'
2022-01-04 22:40:12,753 DEBUG ---> '=distance=1'
2022-01-04 22:40:12,753 DEBUG ---> '=scope=30'
2022-01-04 22:40:12,753 DEBUG ---> '=target-scope=10'
2022-01-04 22:40:12,753 DEBUG ---> '=vrf-interface=WAN_Line'
2022-01-04 22:40:12,753 DEBUG ---> '=suppress-hw-offload=false'
2022-01-04 22:40:12,753 DEBUG ---> '=dynamic=true'
2022-01-04 22:40:12,753 DEBUG ---> '=inactive=false'
2022-01-04 22:40:12,753 DEBUG ---> '=active=true'
2022-01-04 22:40:12,753 DEBUG ---> '=dhcp=true'
2022-01-04 22:40:12,753 DEBUG ---> '=hw-offloaded=false'
2022-01-04 22:40:12,753 DEBUG ---> '=ecmp=false'
2022-01-04 22:40:12,753 DEBUG ---> EOS
2022-01-04 22:40:12,753 DEBUG ---> '!re'
2022-01-04 22:40:12,753 DEBUG ---> '=.id=*20183000'
2022-01-04 22:40:12,754 DEBUG ---> '=dst-address=1.1.1.0/24'
2022-01-04 22:40:12,754 DEBUG ---> '=routing-table=main'
2022-01-04 22:40:12,754 DEBUG ---> '=gateway=WAN_Line'
2022-01-04 22:40:12,754 DEBUG ---> '=immediate-gw=WAN_Line'
2022-01-04 22:40:12,754 DEBUG ---> '=distance=0'
2022-01-04 22:40:12,754 DEBUG ---> '=scope=10'
2022-01-04 22:40:12,754 DEBUG ---> '=suppress-hw-offload=false'
2022-01-04 22:40:12,754 DEBUG ---> '=local-address=1.1.1.1%WAN_Line'
2022-01-04 22:40:12,754 DEBUG ---> '=dynamic=true'
2022-01-04 22:40:12,754 DEBUG ---> '=inactive=false'
2022-01-04 22:40:12,754 DEBUG ---> '=active=true'
2022-01-04 22:40:12,754 DEBUG ---> '=connect=true'
2022-01-04 22:40:12,754 DEBUG ---> '=hw-offloaded=false'
2022-01-04 22:40:12,754 DEBUG ---> '=ecmp=false'
2022-01-04 22:40:12,754 DEBUG ---> EOS
2022-01-04 22:40:12,754 DEBUG ---> '!re'
2022-01-04 22:40:12,754 DEBUG ---> '=.id=*20183048'
2022-01-04 22:40:12,754 DEBUG ---> '=dst-address=10.0.3.0/24'
2022-01-04 22:40:12,754 DEBUG ---> '=routing-table=main'
2022-01-04 22:40:12,754 DEBUG ---> '=gateway=ether2'
2022-01-04 22:40:12,754 DEBUG ---> '=immediate-gw=ether2'
2022-01-04 22:40:12,754 DEBUG ---> '=distance=0'
2022-01-04 22:40:12,754 DEBUG ---> '=scope=10'
2022-01-04 22:40:12,754 DEBUG ---> '=suppress-hw-offload=false'
2022-01-04 22:40:12,754 DEBUG ---> '=local-address=10.0.3.15%ether2'
2022-01-04 22:40:12,754 DEBUG ---> '=dynamic=true'
2022-01-04 22:40:12,754 DEBUG ---> '=inactive=false'
2022-01-04 22:40:12,754 DEBUG ---> '=active=true'
2022-01-04 22:40:12,755 DEBUG ---> '=connect=true'
2022-01-04 22:40:12,755 DEBUG ---> '=hw-offloaded=false'
2022-01-04 22:40:12,755 DEBUG ---> '=ecmp=false'
2022-01-04 22:40:12,755 DEBUG ---> EOS
2022-01-04 22:40:12,755 DEBUG ---> '!re'
2022-01-04 22:40:12,755 DEBUG ---> '=.id=*20183054'
2022-01-04 22:40:12,755 DEBUG ---> '=dst-address=192.168.8.0/24'
2022-01-04 22:40:12,755 DEBUG ---> '=routing-table=main'
2022-01-04 22:40:12,755 DEBUG ---> '=gateway=WAN_Line'
2022-01-04 22:40:12,755 DEBUG ---> '=immediate-gw=WAN_Line'
2022-01-04 22:40:12,755 DEBUG ---> '=distance=0'
2022-01-04 22:40:12,755 DEBUG ---> '=scope=10'
2022-01-04 22:40:12,755 DEBUG ---> '=suppress-hw-offload=false'
2022-01-04 22:40:12,755 DEBUG ---> '=local-address=192.168.8.152%WAN_Line'
2022-01-04 22:40:12,755 DEBUG ---> '=dynamic=true'
2022-01-04 22:40:12,755 DEBUG ---> '=inactive=false'
2022-01-04 22:40:12,755 DEBUG ---> '=active=true'
2022-01-04 22:40:12,755 DEBUG ---> '=connect=true'
2022-01-04 22:40:12,755 DEBUG ---> '=hw-offloaded=false'
2022-01-04 22:40:12,755 DEBUG ---> '=ecmp=false'
2022-01-04 22:40:12,755 DEBUG ---> EOS
2022-01-04 22:40:12,755 DEBUG ---> '!re'
2022-01-04 22:40:12,755 DEBUG ---> '=.id=*20183024'
2022-01-04 22:40:12,755 DEBUG ---> '=dst-address=192.168.56.0/24'
2022-01-04 22:40:12,755 DEBUG ---> '=routing-table=main'
2022-01-04 22:40:12,755 DEBUG ---> '=gateway=ether3'
2022-01-04 22:40:12,756 DEBUG ---> '=immediate-gw=ether3'
2022-01-04 22:40:12,756 DEBUG ---> '=distance=0'
2022-01-04 22:40:12,756 DEBUG ---> '=scope=10'
2022-01-04 22:40:12,756 DEBUG ---> '=suppress-hw-offload=false'
2022-01-04 22:40:12,756 DEBUG ---> '=local-address=192.168.56.101%ether3'
2022-01-04 22:40:12,756 DEBUG ---> '=dynamic=true'
2022-01-04 22:40:12,756 DEBUG ---> '=inactive=false'
2022-01-04 22:40:12,756 DEBUG ---> '=active=true'
2022-01-04 22:40:12,756 DEBUG ---> '=connect=true'
2022-01-04 22:40:12,756 DEBUG ---> '=hw-offloaded=false'
2022-01-04 22:40:12,756 DEBUG ---> '=ecmp=false'
2022-01-04 22:40:12,756 DEBUG ---> EOS
2022-01-04 22:40:12,756 DEBUG ---> '!done'
2022-01-04 22:40:12,756 DEBUG ---> EOS
